
elastix is started at Tue Mar 14 16:52:08 2023.

which elastix:   C:/Users/20192157/OneDrive - TU Eindhoven/Documents/Master/8DM20 Capita selecta in medical image analysis/elastix-5.0.0-win64/elastix.exe
elastix runs at: 20192157
  Windows  Professional (x64),  (Build 9200)
  with 15920 MB memory, and 6 cores @ 2208 MHz.
-------------------------------------------------------------------------

Running elastix with parameter file 0: "RegistrationParametersFiles/Parameters_Affine_def.txt".

Current time: Tue Mar 14 16:52:08 2023.
Reading the elastix parameters from file ...

Installing all components.
InstallingComponents was successful.

ELASTIX version: 5.000
Command line options from ElastixBase:
-f        ./TrainingData/p102/mr_bffe.mhd
-m        ./TrainingData/p107/mr_bffe.mhd
-fMask    unspecified, so no fixed mask used
-mMask    unspecified, so no moving mask used
-out      results\p107\
-p        RegistrationParametersFiles/Parameters_Affine_def.txt
-priority unspecified, so NORMAL process priority
-threads  unspecified, so all available threads are used
Command line options from TransformBase:
-t0       unspecified, so no initial transform used

=============== start of ParameterFile: RegistrationParametersFiles/Parameters_Affine_def.txt ===============
// Example parameter file for affine registration
// C-style comments: //

// The internal pixel type, used for internal computations
// Leave to float in general.
// NB: this is not the type of the input images! The pixel
// type of the input images is automatically read from the
// images themselves.
// This setting can be changed to "short" to save some memory
// in case of very large 3D images.
(FixedInternalImagePixelType "float")
(MovingInternalImagePixelType "float")


// Specify whether you want to take into account the so-called
// direction cosines of the images. Recommended: true.
// In some cases, the direction cosines of the image are corrupt,
// due to image format conversions for example. In that case, you
// may want to set this option to "false".
(UseDirectionCosines "true")

// **************** Main Components **************************

// The following components should usually be left as they are:
(Registration "MultiResolutionRegistration")
(Interpolator "BSplineInterpolator")
(ResampleInterpolator "FinalBSplineInterpolator")
(Resampler "DefaultResampler")

// These may be changed to Fixed/MovingSmoothingImagePyramid.
// See the manual.
(FixedImagePyramid "FixedRecursiveImagePyramid")
(MovingImagePyramid "MovingRecursiveImagePyramid")

// The following components are most important:
// The optimizer AdaptiveStochasticGradientDescent (ASGD) works
// quite ok in general. The Transform and Metric are important
// and need to be chosen careful for each application. See manual.
(Optimizer "AdaptiveStochasticGradientDescent")
(Transform "AffineTransform")
(Metric "AdvancedMattesMutualInformation")

// ***************** Transformation **************************

// Scales the affine matrix elements compared to the translations, to make
// sure they are in the same range. In general, it's best to
// use automatic scales estimation:
(AutomaticScalesEstimation "true")

// Automatically guess an initial translation by aligning the
// geometric centers of the fixed and moving.
(AutomaticTransformInitialization "true")

// Whether transforms are combined by composition or by addition.
// In generally, Compose is the best option in most cases.
// It does not influence the results very much.
(HowToCombineTransforms "Compose")

// ******************* Similarity measure *********************

// Number of grey level bins in each resolution level,
// for the mutual information. 16 or 32 usually works fine.
// You could also employ a hierarchical strategy:
//(NumberOfHistogramBins 16 32 64)
(NumberOfHistogramBins 32)

// If you use a mask, this option is important.
// If the mask serves as region of interest, set it to false.
// If the mask indicates which pixels are valid, then set it to true.
// If you do not use a mask, the option doesn't matter.
(ErodeMask "false")

// ******************** Multiresolution **********************

// The number of resolutions. 1 Is only enough if the expected
// deformations are small. 3 or 4 mostly works fine. For large
// images and large deformations, 5 or 6 may even be useful.
(NumberOfResolutions 4)

// The downsampling/blurring factors for the image pyramids.
// By default, the images are downsampled by a factor of 2
// compared to the next resolution.
// So, in 2D, with 4 resolutions, the following schedule is used:
//(ImagePyramidSchedule 8 8  4 4  2 2  1 1 )
// And in 3D:
//(ImagePyramidSchedule 8 8 8  4 4 4  2 2 2  1 1 1 )
// You can specify any schedule, for example:
//(ImagePyramidSchedule 4 4  4 3  2 1  1 1 )
// Make sure that the number of elements equals the number
// of resolutions times the image dimension.

// ******************* Optimizer ****************************

// Maximum number of iterations in each resolution level:
// 200-500 works usually fine for affine registration.
// For more robustness, you may increase this to 1000-2000.
(MaximumNumberOfIterations 250)

// The step size of the optimizer, in mm. By default the voxel size is used.
// which usually works well. In case of unusual high-resolution images
// (eg histology) it is necessary to increase this value a bit, to the size
// of the "smallest visible structure" in the image:
//(MaximumStepLength 1.0)

// **************** Image sampling **********************

// Number of spatial samples used to compute the mutual
// information (and its derivative) in each iteration.
// With an AdaptiveStochasticGradientDescent optimizer,
// in combination with the two options below, around 2000
// samples may already suffice.
(NumberOfSpatialSamples 2048)

// Refresh these spatial samples in every iteration, and select
// them randomly. See the manual for information on other sampling
// strategies.
(NewSamplesEveryIteration "true")
(ImageSampler "Random")

// ************* Interpolation and Resampling ****************

// Order of B-Spline interpolation used during registration/optimisation.
// It may improve accuracy if you set this to 3. Never use 0.
// An order of 1 gives linear interpolation. This is in most
// applications a good choice.
(BSplineInterpolationOrder 1)

// Order of B-Spline interpolation used for applying the final
// deformation.
// 3 gives good accuracy; recommended in most cases.
// 1 gives worse accuracy (linear interpolation)
// 0 gives worst accuracy, but is appropriate for binary images
// (masks, segmentations); equivalent to nearest neighbor interpolation.
(FinalBSplineInterpolationOrder 3)

//Default pixel value for pixels that come from outside the picture:
(DefaultPixelValue 0)

// Choose whether to generate the deformed moving image.
// You can save some time by setting this to false, if you are
// only interested in the final (nonrigidly) deformed moving image
// for example.
(WriteResultImage "true")

// The pixel type and format of the resulting deformed moving image
(ResultImagePixelType "short")
(ResultImageFormat "mhd")


=============== end of ParameterFile: RegistrationParametersFiles/Parameters_Affine_def.txt ===============


Reading images...
Reading images took 181 ms.

WARNING: the fixed pyramid schedule is not fully specified!
  A default pyramid schedule is used.
WARNING: the moving pyramid schedule is not fully specified!
  A default pyramid schedule is used.
WARNING: The parameter "AutomaticTransformInitializationMethod", requested at entry number 0, does not exist at all.
  The default value "GeometricalCenter" is used instead.
Transform parameters are initialized as: [1, 0, 0, 0, 1, 0, 0, 0, 1, -7.905999999999999, 15.81199999999999, 24.327799999999996]
InitializeTransform took 0.00s
Scales are estimated automatically.
Scales for transform parameters are: [1544.9508105472949, 2201.5549050299223, 668.25, 1544.9508105472949, 2201.5549050299223, 668.25, 1544.9508105472949, 2201.5549050299223, 668.25, 1, 1, 1]
Initialization of all components (before registration) took: 6 ms.
Preparation of the image pyramids took: 368 ms.

Resolution: 0
WARNING: The parameter "ShowExactMetricValue", requested at entry number 0, does not exist at all.
  The default value "false" is used instead.
WARNING: The parameter "CheckNumberOfSamples", requested at entry number 0, does not exist at all.
  The default value "true" is used instead.
WARNING: The parameter "UseMultiThreadingForMetrics", requested at entry number 0, does not exist at all.
  The default value "true" is used instead.
Setting the fixed masks took: 0 ms.
Setting the moving masks took: 0 ms.
WARNING: The parameter "NumberOfFixedHistogramBins", requested at entry number 0, does not exist at all.
  The default value "32" is used instead.
WARNING: The parameter "NumberOfMovingHistogramBins", requested at entry number 0, does not exist at all.
  The default value "32" is used instead.
WARNING: The parameter "FixedLimitRangeRatio", requested at entry number 0, does not exist at all.
  The default value "0.01" is used instead.
WARNING: The parameter "MovingLimitRangeRatio", requested at entry number 0, does not exist at all.
  The default value "0.01" is used instead.
WARNING: The parameter "FixedKernelBSplineOrder", requested at entry number 0, does not exist at all.
  The default value "0" is used instead.
WARNING: The parameter "MovingKernelBSplineOrder", requested at entry number 0, does not exist at all.
  The default value "3" is used instead.
WARNING: The parameter "UseFastAndLowMemoryVersion", requested at entry number 0, does not exist at all.
  The default value "true" is used instead.
WARNING: The parameter "UseJacobianPreconditioning", requested at entry number 0, does not exist at all.
  The default value "false" is used instead.
WARNING: The parameter "FiniteDifferenceDerivative", requested at entry number 0, does not exist at all.
  The default value "false" is used instead.
WARNING: The parameter "SP_A", requested at entry number 0, does not exist at all.
  The default value "20" is used instead.
WARNING: The parameter "MaximumNumberOfSamplingAttempts", requested at entry number 0, does not exist at all.
  The default value "0" is used instead.
WARNING: The parameter "SigmoidInitialTime", requested at entry number 0, does not exist at all.
  The default value "0" is used instead.
WARNING: The parameter "MaxBandCovSize", requested at entry number 0, does not exist at all.
  The default value "192" is used instead.
WARNING: The parameter "NumberOfBandStructureSamples", requested at entry number 0, does not exist at all.
  The default value "10" is used instead.
WARNING: The parameter "UseAdaptiveStepSizes", requested at entry number 0, does not exist at all.
  The default value "true" is used instead.
WARNING: The parameter "AutomaticParameterEstimation", requested at entry number 0, does not exist at all.
  The default value "true" is used instead.
WARNING: The parameter "UseConstantStep", requested at entry number 0, does not exist at all.
  The default value "false" is used instead.
WARNING: The parameter "MaximumStepLengthRatio", requested at entry number 0, does not exist at all.
  The default value "1" is used instead.
WARNING: The parameter "MaximumStepLength", requested at entry number 0, does not exist at all.
  The default value "0.488281" is used instead.
WARNING: The parameter "NumberOfGradientMeasurements", requested at entry number 0, does not exist at all.
  The default value "0" is used instead.
WARNING: The parameter "NumberOfJacobianMeasurements", requested at entry number 0, does not exist at all.
  The default value "1000" is used instead.
WARNING: The parameter "NumberOfSamplesForExactGradient", requested at entry number 0, does not exist at all.
  The default value "100000" is used instead.
WARNING: The parameter "SigmoidScaleFactor", requested at entry number 0, does not exist at all.
  The default value "0.1" is used instead.
Elastix initialization of all components (for this resolution) took: 1 ms.
  Computing the fixed image extrema took 0 ms.
  Computing the moving image extrema took 0 ms.
Initialization of AdvancedMattesMutualInformation metric took: 1 ms.
Starting automatic parameter estimation for AdaptiveStochasticGradientDescent ...
WARNING: The parameter "ASGDParameterEstimationMethod", requested at entry number 0, does not exist at all.
  The default value "Original" is used instead.
  Computing JacobianTerms ...
  Computing the Jacobian terms took 0.002270s
  NumberOfGradientMeasurements to estimate sigma_i: 3
  Sampling gradients ...
  Sampling the gradients took 0.020375s
Automatic parameter estimation took 0.02s
1:ItNr	2:Metric	3a:Time	3b:StepSize	4:||Gradient||	Time[ms]
0	-0.230812	0.000000	9.118739	0.012868	25.6
1	-0.250061	0.000000	9.118739	0.025279	1.3
2	-0.225073	0.000000	9.118739	0.012351	1.3
3	-0.254244	0.000000	9.118739	0.019557	1.2
4	-0.255952	0.000000	9.118739	0.021287	1.3
5	-0.274258	0.000000	9.118739	0.021305	1.3
6	-0.270446	0.000000	9.118739	0.027203	1.4
7	-0.244669	0.000000	9.118739	0.020660	1.3
8	-0.291168	0.000000	9.118739	0.016818	1.3
9	-0.248101	0.000000	9.118739	0.013582	1.2
10	-0.258224	0.000000	9.118739	0.018347	1.2
11	-0.277650	0.000000	9.118739	0.017494	1.2
12	-0.282390	0.000000	9.118739	0.018534	1.2
13	-0.274229	0.000000	9.118739	0.016794	1.3
14	-0.256170	0.000000	9.118739	0.014491	1.3
15	-0.272856	0.000000	9.118739	0.014724	1.3
16	-0.283802	0.000000	9.118739	0.022301	1.3
17	-0.294388	0.000000	9.118739	0.019389	1.2
18	-0.273636	0.000000	9.118739	0.012909	1.2
19	-0.281859	0.000000	9.118739	0.016139	1.2
20	-0.276919	0.000000	9.118739	0.016535	1.2
21	-0.279888	0.000000	9.118739	0.013014	1.3
22	-0.313654	0.000000	9.118739	0.017713	1.2
23	-0.287393	0.000000	9.118739	0.014446	1.2
24	-0.273304	0.000000	9.118739	0.019050	1.2
25	-0.283507	0.000000	9.118739	0.015286	1.3
26	-0.300122	0.000000	9.118739	0.013892	1.2
27	-0.300577	0.000000	9.118739	0.011562	1.2
28	-0.308867	0.000000	9.118739	0.010767	1.3
29	-0.290493	0.000000	9.118739	0.013175	1.3
30	-0.286971	0.000000	9.118739	0.010568	1.2
31	-0.311174	0.000000	9.118739	0.013545	1.2
32	-0.302341	0.000000	9.118739	0.015354	1.2
33	-0.286589	0.000000	9.118739	0.006881	1.2
34	-0.318876	0.000000	9.118739	0.015184	1.2
35	-0.334872	0.000000	9.118739	0.017282	1.2
36	-0.300193	0.000000	9.118739	0.014375	1.2
37	-0.315404	0.000000	9.118739	0.017072	1.2
38	-0.296480	0.000000	9.118739	0.013615	1.2
39	-0.310311	0.000000	9.118739	0.010596	1.2
40	-0.288582	0.000000	9.118739	0.011387	1.2
41	-0.337263	0.000000	9.118739	0.013849	1.2
42	-0.319291	0.000000	9.118739	0.017467	1.3
43	-0.330323	0.000000	9.118739	0.018524	1.1
44	-0.306449	0.000000	9.118739	0.015262	1.3
45	-0.295791	0.000000	9.118739	0.015189	1.2
46	-0.328965	0.000000	9.118739	0.011823	1.2
47	-0.329956	0.000000	9.118739	0.010490	1.2
48	-0.288679	0.000000	9.118739	0.013172	1.2
49	-0.351358	0.000000	9.118739	0.014016	1.3
50	-0.335647	0.000000	9.118739	0.010174	1.3
51	-0.323304	0.000000	9.118739	0.012939	1.3
52	-0.309304	0.000000	9.118739	0.011303	1.4
53	-0.313336	0.000000	9.118739	0.011133	1.4
54	-0.296976	0.000000	9.118739	0.015235	1.3
55	-0.331393	0.000000	9.118739	0.015256	1.3
56	-0.307334	0.000000	9.118739	0.013527	1.3
57	-0.310882	0.000000	9.118739	0.015387	1.3
58	-0.296422	0.000000	9.118739	0.013047	1.4
59	-0.318333	0.000000	9.118739	0.011158	1.4
60	-0.308352	0.000000	9.118739	0.013507	1.2
61	-0.304346	0.000000	9.118739	0.012678	1.3
62	-0.297173	0.000000	9.118739	0.014178	1.2
63	-0.339943	0.000000	9.118739	0.017435	1.2
64	-0.326789	0.000000	9.118739	0.012804	1.2
65	-0.298220	0.000000	9.118739	0.012065	1.2
66	-0.307051	0.000000	9.118739	0.012863	1.2
67	-0.322180	0.000000	9.118739	0.017681	1.2
68	-0.319923	0.000000	9.118739	0.014165	1.2
69	-0.339796	0.000000	9.118739	0.014388	1.2
70	-0.307783	0.000000	9.118739	0.014897	1.2
71	-0.340327	0.000000	9.118739	0.007591	1.2
72	-0.335867	0.000000	9.118739	0.012486	1.2
73	-0.309274	0.000000	9.118739	0.008485	1.2
74	-0.333063	0.000000	9.118739	0.011345	1.2
75	-0.335024	0.000000	9.118739	0.012609	1.3
76	-0.310001	0.000000	9.118739	0.010791	1.3
77	-0.340452	0.000000	9.118739	0.015268	1.3
78	-0.324640	0.000000	9.118739	0.014674	1.2
79	-0.346848	0.000000	9.118739	0.012099	1.2
80	-0.333828	0.000000	9.118739	0.011165	1.2
81	-0.342269	0.000000	9.118739	0.014323	1.2
82	-0.342101	0.000000	9.118739	0.012597	1.3
83	-0.330114	0.000000	9.118739	0.017894	1.2
84	-0.338250	0.000000	9.118739	0.016081	1.4
85	-0.332850	0.000000	9.118739	0.010930	1.3
86	-0.351016	0.000000	9.118739	0.011642	1.2
87	-0.340580	0.000000	9.118739	0.011784	1.2
88	-0.339705	0.000000	9.118739	0.012912	1.2
89	-0.354684	0.000000	9.118739	0.013453	1.2
90	-0.375541	0.000000	9.118739	0.012291	1.2
91	-0.353965	0.000000	9.118739	0.011582	1.3
92	-0.334606	0.000000	9.118739	0.012253	1.3
93	-0.330365	0.000000	9.118739	0.014494	1.3
94	-0.367425	0.000000	9.118739	0.012525	1.2
95	-0.345737	0.000000	9.118739	0.013040	1.3
96	-0.324984	0.000000	9.118739	0.009571	1.3
97	-0.369510	0.000000	9.118739	0.009255	1.2
98	-0.369265	0.000000	9.118739	0.011440	1.2
99	-0.365109	0.000000	9.118739	0.013922	1.2
100	-0.334493	0.000000	9.118739	0.012045	1.2
101	-0.343727	0.000000	9.118739	0.011392	1.3
102	-0.355230	0.000000	9.118739	0.010940	1.3
103	-0.343897	0.000000	9.118739	0.010290	1.3
104	-0.358110	0.000000	9.118739	0.011602	1.2
105	-0.342641	0.000000	9.118739	0.012205	1.4
106	-0.360541	0.000000	9.118739	0.012412	1.3
107	-0.370175	0.000000	9.118739	0.016843	1.1
108	-0.395461	0.000000	9.118739	0.014632	1.3
109	-0.369616	0.000000	9.118739	0.007076	1.3
110	-0.369252	0.000000	9.118739	0.014640	1.2
111	-0.414154	0.000000	9.118739	0.011217	1.6
112	-0.385930	0.000000	9.118739	0.009301	1.5
113	-0.389552	0.000000	9.118739	0.013695	1.5
114	-0.376092	0.000000	9.118739	0.013547	1.3
115	-0.381189	0.000000	9.118739	0.006489	1.3
116	-0.370695	0.000000	9.118739	0.012315	1.2
117	-0.381831	0.000000	9.118739	0.010430	1.3
118	-0.394171	0.000000	9.118739	0.011844	1.3
119	-0.388494	0.000000	9.118739	0.012291	1.4
120	-0.403436	0.000000	9.118739	0.008026	1.4
121	-0.386267	0.000000	9.118739	0.018468	1.2
122	-0.368636	0.000000	9.118739	0.014555	1.3
123	-0.398852	0.000000	9.118739	0.019048	1.3
124	-0.354121	0.000000	9.118739	0.009459	1.2
125	-0.381086	0.000000	9.118739	0.010218	1.2
126	-0.381664	0.000000	9.118739	0.008888	1.2
127	-0.376577	0.000000	9.118739	0.013798	1.2
128	-0.422144	0.000000	9.118739	0.011250	1.3
129	-0.369771	0.000000	9.118739	0.012216	1.2
130	-0.410482	0.000000	9.118739	0.010369	1.2
131	-0.397176	0.000000	9.118739	0.015279	1.2
132	-0.376722	0.000000	9.118739	0.009474	1.3
133	-0.387545	0.000000	9.118739	0.017771	1.5
134	-0.384330	0.000000	9.118739	0.012334	1.9
135	-0.412435	0.000000	9.118739	0.011490	1.4
136	-0.382779	0.000000	9.118739	0.014681	1.3
137	-0.433356	0.000000	9.118739	0.016170	1.4
138	-0.377722	0.000000	9.118739	0.008771	1.4
139	-0.368145	0.000000	9.118739	0.009061	1.4
140	-0.399225	0.000000	9.118739	0.012457	1.3
141	-0.373415	0.000000	9.118739	0.015828	1.8
142	-0.403066	0.000000	9.118739	0.012335	2.5
143	-0.380319	0.000000	9.118739	0.011608	2.1
144	-0.392278	0.000000	9.118739	0.012642	2.0
145	-0.394874	0.999203	8.704566	0.012595	1.6
146	-0.411581	1.998097	8.326494	0.011773	1.9
147	-0.420378	1.550257	8.491856	0.007791	1.8
148	-0.396851	1.103431	8.663520	0.013775	2.0
149	-0.407378	2.048088	8.308434	0.009383	2.1
150	-0.404345	1.600247	8.473072	0.010439	2.4
151	-0.403631	2.568347	8.125030	0.013357	2.0
152	-0.363252	2.121952	8.281893	0.013093	1.8
153	-0.390506	1.674116	8.445468	0.013560	1.8
154	-0.401508	1.226275	8.615637	0.009002	2.3
155	-0.401835	0.778435	8.792805	0.010443	2.0
156	-0.406349	0.330595	8.977411	0.009018	2.3
157	-0.416948	0.000000	9.118739	0.010587	1.6
158	-0.377268	0.000000	9.118739	0.010567	1.8
159	-0.387727	0.000000	9.118739	0.010972	2.3
160	-0.412177	0.000000	9.118739	0.010277	1.7
161	-0.378032	0.000000	9.118739	0.014504	1.7
162	-0.364964	0.998824	8.704716	0.010662	1.7
163	-0.386928	0.550983	8.885605	0.007759	2.0
164	-0.401540	0.103356	9.074079	0.009492	2.3
165	-0.445720	0.000000	9.118739	0.008883	1.9
166	-0.409971	0.999995	8.704253	0.012885	1.4
167	-0.395820	1.103910	8.663332	0.008342	1.6
168	-0.410746	2.103909	8.288360	0.009263	1.7
169	-0.395874	1.656334	8.452097	0.006351	1.6
170	-0.437714	1.218814	8.618530	0.010870	1.7
171	-0.386556	1.887270	8.366814	0.011573	1.6
172	-0.374612	1.439538	8.533755	0.009248	1.8
173	-0.431513	1.853125	8.379314	0.012649	2.4
174	-0.422556	1.405285	8.546802	0.007908	1.6
175	-0.408984	1.089492	8.668987	0.012396	1.5
176	-0.392650	2.081248	8.296498	0.008031	1.5
177	-0.384608	1.633538	8.460610	0.011831	2.0
178	-0.428700	1.185697	8.631395	0.011110	1.7
179	-0.426342	0.737856	8.809218	0.009062	1.5
180	-0.394242	0.290016	8.994522	0.006873	1.7
181	-0.391777	0.000000	9.118739	0.008116	1.9
182	-0.386626	0.101514	9.074871	0.011620	2.3
183	-0.394013	1.099393	8.665103	0.009981	1.5
184	-0.406350	0.651552	8.844332	0.012300	1.5
185	-0.379223	0.204380	9.030848	0.010489	1.4
186	-0.380247	0.000000	9.118739	0.008151	1.6
187	-0.390998	0.000000	9.118739	0.005694	2.0
188	-0.411380	0.770088	8.796176	0.009796	1.4
189	-0.419330	1.306135	8.584792	0.007672	1.6
190	-0.412416	0.858691	8.760521	0.013519	1.9
191	-0.408457	1.625337	8.463676	0.008177	2.5
192	-0.413503	1.177497	8.634587	0.007865	1.3
193	-0.417978	2.174627	8.263068	0.005486	1.2
194	-0.404266	1.731919	8.423993	0.010879	1.3
195	-0.416986	1.307050	8.584440	0.010973	1.4
196	-0.400195	2.294088	8.220692	0.010762	1.4
197	-0.437562	1.846352	8.381799	0.007944	1.4
198	-0.407499	2.793702	8.048076	0.004953	1.4
199	-0.401736	3.108934	7.942845	0.012837	1.3
200	-0.400788	2.687174	8.084270	0.007869	1.3
201	-0.388728	2.792411	8.048513	0.010081	1.7
202	-0.368370	3.750498	7.736957	0.006914	1.3
203	-0.409441	3.306175	7.878390	0.006648	1.4
204	-0.401028	3.407846	7.845572	0.012103	1.3
205	-0.406224	2.960068	7.992194	0.007029	1.3
206	-0.403090	3.959813	7.672074	0.010735	1.4
207	-0.396851	3.522092	7.809021	0.008517	1.3
208	-0.408540	3.074837	7.954094	0.008732	1.3
209	-0.394196	4.046930	7.645389	0.007758	2.5
210	-0.411915	3.903823	7.689322	0.010649	1.4
211	-0.404346	4.793715	7.424038	0.008068	1.4
212	-0.410996	4.346144	7.555134	0.004758	1.7
213	-0.394740	3.921904	7.683744	0.010520	1.4
214	-0.399258	3.506857	7.813875	0.011098	1.3
215	-0.408301	4.502886	7.508700	0.009466	1.3
216	-0.424069	4.058229	7.641942	0.009726	1.4
217	-0.376529	5.031734	7.356157	0.007340	1.3
218	-0.411631	4.583925	7.484916	0.015899	1.2
219	-0.389266	4.520510	7.503515	0.009257	1.3
220	-0.412173	5.520510	7.220582	0.008597	1.3
221	-0.375717	5.084979	7.341142	0.011323	1.5
222	-0.386373	5.430781	7.245095	0.011005	1.4
223	-0.412891	4.982941	7.369971	0.009520	1.5
224	-0.398875	4.535208	7.499196	0.013353	1.3
225	-0.415804	4.977194	7.371601	0.008415	1.3
226	-0.402483	4.866521	7.403142	0.009886	1.3
227	-0.403868	4.418741	7.533557	0.009618	1.3
228	-0.419465	3.970900	7.668667	0.009744	1.4
229	-0.425966	3.542574	7.802504	0.010152	1.9
230	-0.403724	3.111960	7.941848	0.009924	1.3
231	-0.423977	2.683975	8.085362	0.009370	1.3
232	-0.407426	2.236701	8.240994	0.013887	1.3
233	-0.421994	1.788888	8.402934	0.013065	1.2
234	-0.413660	2.788624	8.049794	0.012421	1.3
235	-0.412561	3.061349	7.958553	0.009244	1.3
236	-0.410194	4.061347	7.640991	0.010544	1.5
237	-0.406810	5.053057	7.350136	0.013168	1.4
238	-0.413945	4.606042	7.478451	0.008188	1.3
239	-0.406951	4.159542	7.611169	0.005747	1.4
240	-0.418500	3.713604	7.748507	0.010139	1.6
241	-0.378792	3.294560	7.882156	0.010814	1.4
242	-0.383484	4.294518	7.570554	0.008702	1.4
243	-0.397781	4.455559	7.522660	0.005289	1.5
244	-0.401497	4.014577	7.655277	0.008842	1.3
245	-0.431255	3.576096	7.791861	0.009721	1.2
246	-0.411227	3.128465	7.936415	0.009866	1.3
247	-0.388951	4.128406	7.620600	0.007748	1.3
248	-0.428468	3.739704	7.740332	0.011722	1.5
249	-0.395080	3.292013	7.882983	0.006522	1.5
Time spent in resolution 0 (ITK initialization and iterating): 0.403 s.
Stopping condition: Maximum number of iterations has been reached.
Settings of AdaptiveStochasticGradientDescent in resolution 0:
( SP_a 191.493523 )
( SP_A 20.000000 )
( SP_alpha 1.000000 )
( SigmoidMax 1.000000 )
( SigmoidMin -0.447841 )
( SigmoidScale 0.000003 )


Resolution: 1
WARNING: The parameter "ShowExactMetricValue", requested at entry number 1, does not exist at all.
  The default value "false" is used instead.
WARNING: The parameter "CheckNumberOfSamples", requested at entry number 1, does not exist at all.
  The default value "true" is used instead.
WARNING: The parameter "UseMultiThreadingForMetrics", requested at entry number 1, does not exist at all.
  The default value "true" is used instead.
Setting the fixed masks took: 0 ms.
Setting the moving masks took: 0 ms.
WARNING: The parameter "NumberOfFixedHistogramBins", requested at entry number 1, does not exist at all.
  The default value "32" is used instead.
WARNING: The parameter "NumberOfMovingHistogramBins", requested at entry number 1, does not exist at all.
  The default value "32" is used instead.
WARNING: The parameter "FixedLimitRangeRatio", requested at entry number 1, does not exist at all.
  The default value "0.01" is used instead.
WARNING: The parameter "MovingLimitRangeRatio", requested at entry number 1, does not exist at all.
  The default value "0.01" is used instead.
WARNING: The parameter "FixedKernelBSplineOrder", requested at entry number 1, does not exist at all.
  The default value "0" is used instead.
WARNING: The parameter "MovingKernelBSplineOrder", requested at entry number 1, does not exist at all.
  The default value "3" is used instead.
WARNING: The parameter "UseFastAndLowMemoryVersion", requested at entry number 1, does not exist at all.
  The default value "true" is used instead.
WARNING: The parameter "UseJacobianPreconditioning", requested at entry number 1, does not exist at all.
  The default value "false" is used instead.
WARNING: The parameter "FiniteDifferenceDerivative", requested at entry number 1, does not exist at all.
  The default value "false" is used instead.
WARNING: The parameter "SP_A", requested at entry number 1, does not exist at all.
  The default value "20" is used instead.
WARNING: The parameter "MaximumNumberOfSamplingAttempts", requested at entry number 1, does not exist at all.
  The default value "0" is used instead.
WARNING: The parameter "SigmoidInitialTime", requested at entry number 1, does not exist at all.
  The default value "0" is used instead.
WARNING: The parameter "MaxBandCovSize", requested at entry number 1, does not exist at all.
  The default value "192" is used instead.
WARNING: The parameter "NumberOfBandStructureSamples", requested at entry number 1, does not exist at all.
  The default value "10" is used instead.
WARNING: The parameter "UseAdaptiveStepSizes", requested at entry number 1, does not exist at all.
  The default value "true" is used instead.
WARNING: The parameter "AutomaticParameterEstimation", requested at entry number 1, does not exist at all.
  The default value "true" is used instead.
WARNING: The parameter "UseConstantStep", requested at entry number 1, does not exist at all.
  The default value "false" is used instead.
WARNING: The parameter "MaximumStepLengthRatio", requested at entry number 1, does not exist at all.
  The default value "1" is used instead.
WARNING: The parameter "MaximumStepLength", requested at entry number 1, does not exist at all.
  The default value "0.488281" is used instead.
WARNING: The parameter "NumberOfGradientMeasurements", requested at entry number 1, does not exist at all.
  The default value "0" is used instead.
WARNING: The parameter "NumberOfJacobianMeasurements", requested at entry number 1, does not exist at all.
  The default value "1000" is used instead.
WARNING: The parameter "NumberOfSamplesForExactGradient", requested at entry number 1, does not exist at all.
  The default value "100000" is used instead.
WARNING: The parameter "SigmoidScaleFactor", requested at entry number 1, does not exist at all.
  The default value "0.1" is used instead.
Elastix initialization of all components (for this resolution) took: 1 ms.
  Computing the fixed image extrema took 0 ms.
  Computing the moving image extrema took 0 ms.
Initialization of AdvancedMattesMutualInformation metric took: 3 ms.
Starting automatic parameter estimation for AdaptiveStochasticGradientDescent ...
WARNING: The parameter "ASGDParameterEstimationMethod", requested at entry number 0, does not exist at all.
  The default value "Original" is used instead.
  Computing JacobianTerms ...
  Computing the Jacobian terms took 0.001526s
  NumberOfGradientMeasurements to estimate sigma_i: 3
  Sampling gradients ...
  Sampling the gradients took 0.177627s
Automatic parameter estimation took 0.18s
1:ItNr	2:Metric	3a:Time	3b:StepSize	4:||Gradient||	Time[ms]
0	-0.244967	0.000000	7.445017	0.007837	183.9
1	-0.243206	0.000000	7.445017	0.008287	1.5
2	-0.245500	0.000000	7.445017	0.010943	1.3
3	-0.250601	0.989929	7.109862	0.013701	1.3
4	-0.236866	0.149619	7.392349	0.010180	1.5
5	-0.249273	1.149619	7.058602	0.009027	1.3
6	-0.254084	2.149605	6.753694	0.006741	1.3
7	-0.236979	3.149264	6.474125	0.009401	1.3
8	-0.255200	2.332109	6.700867	0.007598	1.2
9	-0.268704	1.493095	6.950815	0.011091	1.2
10	-0.253502	2.451016	6.666890	0.008670	1.3
11	-0.253317	1.610705	6.914661	0.008351	1.3
12	-0.259242	0.770396	7.181558	0.014997	1.3
13	-0.266929	0.000000	7.445017	0.006858	1.4
14	-0.271454	0.999872	7.106648	0.012226	1.2
15	-0.279675	1.998398	6.798097	0.009798	1.3
16	-0.238609	2.998398	6.514824	0.008663	1.3
17	-0.267251	3.998398	6.254215	0.008267	1.3
18	-0.251765	4.996138	6.014176	0.008393	1.3
19	-0.270827	4.231652	6.196398	0.008791	1.3
20	-0.230618	5.231636	5.960183	0.009091	1.3
21	-0.253694	6.231635	5.741314	0.006137	1.3
22	-0.269731	5.398214	5.922573	0.010218	1.2
23	-0.252695	6.289098	5.729224	0.006371	1.3
24	-0.245811	5.451764	5.910583	0.010044	1.4
25	-0.253394	4.611460	6.104508	0.008785	1.3
26	-0.258712	3.771150	6.311590	0.012199	1.3
27	-0.265125	4.719473	6.078871	0.007646	1.4
28	-0.273616	3.918410	6.274291	0.008676	1.4
29	-0.281157	4.918035	6.032300	0.009446	1.4
30	-0.266132	4.945644	6.025881	0.012368	1.3
31	-0.243455	4.105345	6.227572	0.006961	1.4
32	-0.270214	3.295006	6.435288	0.007436	1.3
33	-0.276901	3.011054	6.511391	0.009190	1.4
34	-0.276435	2.205825	6.737332	0.010620	1.3
35	-0.252273	1.999218	6.797855	0.005217	1.3
36	-0.270047	2.520404	6.647222	0.010142	1.4
37	-0.231991	1.713178	6.883465	0.007651	1.3
38	-0.257936	0.872868	7.147913	0.011139	1.3
39	-0.249884	1.872855	6.835410	0.010530	1.4
40	-0.250134	2.872855	6.549085	0.006612	1.6
41	-0.285981	3.872854	6.285783	0.008493	1.5
42	-0.278843	4.872369	6.042947	0.007852	1.6
43	-0.266868	4.032080	6.245799	0.007006	1.3
44	-0.264804	3.206733	6.458755	0.006492	1.3
45	-0.268975	4.021426	6.248459	0.006559	1.3
46	-0.276841	5.002088	6.012800	0.005558	1.3
47	-0.238743	5.557812	5.886982	0.007725	1.3
48	-0.260973	6.420934	5.701679	0.008672	1.3
49	-0.259847	7.417837	5.501663	0.005514	1.3
50	-0.259240	6.619262	5.660736	0.011153	1.3
51	-0.276947	5.778961	5.838365	0.010980	1.4
52	-0.263765	4.938651	6.027505	0.008979	1.3
53	-0.254729	5.938651	5.803756	0.009361	1.3
54	-0.287886	5.140902	5.980871	0.005040	1.4
55	-0.238330	4.360739	6.164858	0.009740	1.3
56	-0.263553	3.526380	6.374579	0.005361	1.3
57	-0.264306	2.812640	6.565646	0.005231	1.3
58	-0.304350	2.124640	6.760985	0.011132	1.3
59	-0.275970	1.313347	7.006809	0.010284	1.4
60	-0.242344	0.473037	7.281008	0.007885	1.4
61	-0.257100	1.473036	6.957020	0.009533	1.6
62	-0.260817	2.473031	6.660638	0.007740	1.6
63	-0.244899	3.299050	6.434217	0.006371	1.4
64	-0.261326	2.458820	6.664673	0.010721	1.3
65	-0.239023	3.458743	6.392207	0.008712	1.3
66	-0.278670	2.773898	6.576345	0.011507	1.4
67	-0.249657	1.933588	6.817309	0.006461	1.3
68	-0.252815	1.112435	7.070472	0.010442	1.4
69	-0.262206	0.277956	7.347762	0.009793	1.4
70	-0.258715	0.000000	7.445017	0.010032	1.4
71	-0.254160	0.924099	7.131210	0.008752	1.3
72	-0.265866	0.083789	7.415430	0.012522	1.3
73	-0.273457	0.000000	7.445017	0.011189	1.2
74	-0.256313	0.996099	7.107867	0.008936	1.3
75	-0.269603	1.996029	6.798798	0.009302	1.4
76	-0.254076	1.155722	7.056658	0.010442	1.3
77	-0.287479	2.148594	6.753989	0.008184	1.4
78	-0.226658	3.148571	6.474311	0.009419	1.2
79	-0.283664	2.524612	6.646033	0.008244	1.2
80	-0.248754	2.848755	6.555703	0.005921	1.2
81	-0.272948	2.311923	6.706669	0.009658	1.2
82	-0.245374	1.506478	6.946682	0.008796	1.4
83	-0.245881	0.904331	7.137646	0.009165	1.4
84	-0.252581	1.885747	6.831560	0.006360	1.3
85	-0.287328	2.718559	6.591689	0.009814	1.3
86	-0.279942	1.879685	6.833370	0.008577	1.3
87	-0.255073	2.860387	6.552507	0.006930	1.3
88	-0.272399	3.342767	6.422661	0.009091	1.4
89	-0.231084	4.321570	6.174394	0.009162	1.4
90	-0.246309	3.481260	6.386328	0.008196	1.4
91	-0.261928	4.481260	6.135700	0.006918	1.3
92	-0.263994	5.477960	5.904735	0.008076	1.3
93	-0.261280	6.427449	5.700324	0.008435	1.3
94	-0.268426	7.306965	5.523211	0.006954	1.2
95	-0.258621	8.306954	5.334753	0.008600	1.3
96	-0.249365	8.423604	5.313603	0.008055	1.3
97	-0.276598	7.761556	5.435914	0.007240	1.3
98	-0.271276	8.755097	5.254406	0.011870	1.2
99	-0.237879	9.755097	5.083559	0.007084	1.3
100	-0.231264	10.755043	4.923481	0.006914	1.3
101	-0.252027	9.914883	5.057284	0.012059	1.3
102	-0.254494	9.364219	5.149000	0.009623	1.2
103	-0.284193	10.364219	4.984832	0.008330	1.3
104	-0.284091	9.523910	5.122062	0.007024	1.3
105	-0.244036	9.144817	5.186475	0.007153	1.2
106	-0.256463	8.965574	5.217499	0.010624	1.3
107	-0.274489	8.125311	5.368024	0.010175	1.3
108	-0.260164	7.412566	5.502683	0.006373	1.3
109	-0.239773	8.412531	5.315603	0.007225	1.3
110	-0.248934	9.227438	5.172299	0.011290	1.3
111	-0.244854	10.225402	5.006992	0.008080	1.3
112	-0.261831	9.385100	5.145461	0.007817	1.4
113	-0.229922	10.383154	4.981824	0.009236	1.3
114	-0.236279	11.383142	4.827986	0.008483	1.3
115	-0.249867	12.383137	4.683363	0.006666	1.3
116	-0.261972	11.612881	4.793975	0.007648	1.4
117	-0.252595	10.772632	4.920755	0.008874	1.3
118	-0.248000	9.933505	5.054240	0.007025	1.3
119	-0.272888	10.894751	4.901915	0.011260	1.3
120	-0.242435	11.564075	4.801161	0.007219	1.3
121	-0.270386	12.533666	4.662340	0.005385	1.3
122	-0.268541	11.874988	4.755754	0.013644	1.3
123	-0.255031	11.034901	4.880469	0.012790	1.3
124	-0.253622	10.665578	4.937391	0.008395	1.3
125	-0.262865	11.653639	4.787992	0.005038	1.3
126	-0.274457	10.814555	4.914271	0.009890	1.4
127	-0.279902	9.974835	5.047496	0.007729	1.4
128	-0.265711	9.134525	5.188247	0.010675	1.3
129	-0.278656	10.134518	5.021608	0.007761	1.3
130	-0.265975	9.294275	5.160888	0.008446	1.3
131	-0.261273	9.337414	5.153549	0.011524	1.2
132	-0.262825	10.337412	4.989096	0.008402	1.2
133	-0.236844	9.500179	5.126047	0.005176	1.3
134	-0.231927	8.829692	5.241266	0.010310	1.3
135	-0.265458	9.826048	5.071858	0.009606	1.3
136	-0.260200	10.330226	4.990240	0.007318	1.3
137	-0.253368	10.996724	4.886293	0.009552	1.4
138	-0.269379	11.961403	4.743286	0.010282	1.3
139	-0.239292	12.847366	4.619129	0.008451	1.2
140	-0.255840	13.847366	4.486576	0.006283	1.3
141	-0.261340	13.009464	4.597113	0.008209	1.3
142	-0.261845	13.875213	4.482994	0.010307	1.4
143	-0.260580	14.805096	4.366567	0.008675	1.2
144	-0.268270	15.805022	4.247935	0.008407	1.2
145	-0.236368	16.335825	4.187542	0.005234	1.2
146	-0.244750	16.351048	4.185836	0.009005	1.3
147	-0.255228	16.877640	4.127642	0.011368	1.3
148	-0.247731	16.037747	4.221244	0.007280	1.4
149	-0.255168	16.930789	4.121859	0.008552	1.5
150	-0.257606	16.090788	4.215207	0.005275	1.6
151	-0.266962	15.282099	4.309160	0.013401	1.4
152	-0.238737	14.780443	4.369576	0.009370	1.4
153	-0.255595	15.780443	4.250774	0.007832	1.4
154	-0.262892	14.967928	4.346799	0.011328	1.6
155	-0.264881	14.127636	4.450779	0.007396	1.4
156	-0.252763	14.062885	4.458999	0.007525	2.1
157	-0.252277	14.349677	4.422823	0.007752	1.7
158	-0.274176	15.349673	4.301149	0.013566	2.2
159	-0.246866	14.814913	4.365370	0.005275	1.4
160	-0.276531	15.788475	4.249846	0.010716	1.5
161	-0.255689	16.788469	4.137383	0.007291	2.0
162	-0.261909	15.948601	4.231428	0.006655	1.7
163	-0.261967	15.729632	4.256655	0.009072	1.5
164	-0.250876	16.703262	4.146733	0.011232	1.7
165	-0.254087	15.862952	4.241260	0.010983	2.1
166	-0.258865	15.022644	4.340197	0.007222	1.6
167	-0.260623	14.183884	4.443664	0.009175	1.7
168	-0.245857	13.343579	4.552390	0.008387	2.3
169	-0.289634	12.503278	4.666569	0.007811	2.3
170	-0.288620	11.663078	4.786608	0.007324	1.7
171	-0.248918	12.401241	4.680825	0.006838	1.7
172	-0.265426	13.304530	4.557572	0.008372	1.9
173	-0.267945	14.303895	4.428558	0.009766	2.1
174	-0.254903	15.157830	4.323970	0.010110	1.8
175	-0.243953	14.317519	4.426850	0.008400	1.5
176	-0.240097	13.481715	4.534152	0.007433	2.3
177	-0.262440	12.789735	4.627007	0.008980	2.3
178	-0.248264	13.649464	4.512201	0.006349	1.6
179	-0.253374	14.513305	4.402444	0.011325	1.5
180	-0.245517	15.182781	4.320988	0.009194	1.6
181	-0.245164	16.182765	4.204780	0.010414	2.2
182	-0.263655	15.342455	4.302003	0.006214	1.6
183	-0.263836	14.502151	4.403828	0.007022	1.5
184	-0.260458	13.674804	4.508904	0.010445	2.1
185	-0.257082	14.674769	4.382519	0.007279	2.2
186	-0.264547	13.834458	4.488238	0.008047	1.8
187	-0.273345	12.994148	4.599184	0.007151	1.4
188	-0.255236	13.994136	4.467759	0.003974	1.6
189	-0.268498	13.412791	4.543234	0.009877	1.9
190	-0.258649	12.574842	4.656622	0.005294	1.7
191	-0.255926	12.848826	4.618930	0.008952	1.5
192	-0.260849	12.012615	4.735928	0.007140	2.0
193	-0.253252	13.009787	4.597069	0.011513	1.9
194	-0.246452	13.980754	4.469468	0.007627	2.5
195	-0.255548	14.958497	4.347939	0.008819	1.6
196	-0.284282	14.118464	4.451942	0.008235	1.6
197	-0.259939	15.118441	4.328685	0.005811	1.7
198	-0.246308	14.861429	4.359708	0.014808	1.5
199	-0.246808	14.021119	4.464316	0.010190	1.3
200	-0.263081	13.236844	4.566582	0.006399	1.6
201	-0.235943	12.405302	4.680256	0.007607	2.2
202	-0.258346	11.565014	4.801022	0.009581	2.4
203	-0.237563	11.027827	4.881547	0.011937	1.6
204	-0.266630	10.187996	5.012998	0.008947	1.8
205	-0.260530	9.347685	5.151805	0.007938	1.7
206	-0.274117	10.347313	4.987520	0.008069	1.9
207	-0.261520	11.308126	4.839196	0.007468	1.5
208	-0.266951	12.185871	4.711202	0.007189	1.7
209	-0.249534	11.345776	4.833563	0.009731	1.7
210	-0.254802	12.343805	4.688888	0.009581	1.4
211	-0.254629	13.206698	4.570606	0.008263	1.6
212	-0.256590	14.179862	4.444172	0.007824	1.3
213	-0.270646	15.179862	4.321336	0.008137	1.3
214	-0.257327	16.083338	4.216054	0.009462	1.4
215	-0.275358	17.082930	4.105392	0.009551	1.3
216	-0.290644	17.923937	4.016689	0.006809	1.4
217	-0.272465	17.083630	4.105316	0.009975	1.3
218	-0.259089	16.252483	4.196911	0.005460	1.3
219	-0.249688	15.412222	4.293760	0.005771	1.4
220	-0.257665	16.400122	4.180343	0.008021	1.4
221	-0.259365	15.914741	4.235310	0.008951	1.3
222	-0.239505	15.074552	4.333951	0.007666	1.2
223	-0.252444	14.234248	4.437312	0.006232	1.3
224	-0.238001	14.932491	4.351086	0.008183	1.3
225	-0.252111	14.118754	4.451905	0.006380	1.3
226	-0.273019	15.101636	4.330700	0.010818	1.2
227	-0.252771	14.261352	4.433901	0.010091	1.3
228	-0.285072	13.421055	4.542143	0.007822	1.9
229	-0.249102	12.593992	4.653968	0.008650	1.7
230	-0.252650	12.012195	4.735988	0.010006	1.9
231	-0.255171	11.171885	4.859689	0.008655	1.5
232	-0.255289	12.072084	4.727412	0.006565	1.4
233	-0.275732	12.237384	4.703901	0.008847	1.5
234	-0.249417	11.400277	4.825433	0.008515	1.4
235	-0.264517	10.688203	4.933866	0.008147	1.4
236	-0.263146	11.688202	4.782929	0.010181	1.3
237	-0.238422	12.687990	4.640982	0.013915	1.3
238	-0.264214	13.687947	4.507195	0.008588	1.3
239	-0.272862	14.687152	4.380998	0.009188	1.3
240	-0.257300	14.679480	4.381940	0.008362	1.3
241	-0.250054	14.744169	4.374010	0.006173	1.3
242	-0.239906	15.743794	4.255014	0.007139	1.5
243	-0.268738	14.903484	4.354601	0.011771	1.2
244	-0.256775	15.889375	4.238222	0.011226	1.2
245	-0.257099	16.887177	4.126603	0.007240	1.3
246	-0.265250	17.631613	4.047083	0.007378	1.3
247	-0.264081	16.791312	4.137071	0.008805	1.4
248	-0.259841	17.737339	4.036038	0.006799	1.2
249	-0.232826	17.007829	4.113504	0.006684	1.2
Time spent in resolution 1 (ITK initialization and iterating): 0.565 s.
Stopping condition: Maximum number of iterations has been reached.
Settings of AdaptiveStochasticGradientDescent in resolution 1:
( SP_a 156.345353 )
( SP_A 20.000000 )
( SP_alpha 1.000000 )
( SigmoidMax 1.000000 )
( SigmoidMin -0.840310 )
( SigmoidScale 0.000002 )


Resolution: 2
WARNING: The parameter "ShowExactMetricValue", requested at entry number 2, does not exist at all.
  The default value "false" is used instead.
WARNING: The parameter "CheckNumberOfSamples", requested at entry number 2, does not exist at all.
  The default value "true" is used instead.
WARNING: The parameter "UseMultiThreadingForMetrics", requested at entry number 2, does not exist at all.
  The default value "true" is used instead.
Setting the fixed masks took: 0 ms.
Setting the moving masks took: 0 ms.
WARNING: The parameter "NumberOfFixedHistogramBins", requested at entry number 2, does not exist at all.
  The default value "32" is used instead.
WARNING: The parameter "NumberOfMovingHistogramBins", requested at entry number 2, does not exist at all.
  The default value "32" is used instead.
WARNING: The parameter "FixedLimitRangeRatio", requested at entry number 2, does not exist at all.
  The default value "0.01" is used instead.
WARNING: The parameter "MovingLimitRangeRatio", requested at entry number 2, does not exist at all.
  The default value "0.01" is used instead.
WARNING: The parameter "FixedKernelBSplineOrder", requested at entry number 2, does not exist at all.
  The default value "0" is used instead.
WARNING: The parameter "MovingKernelBSplineOrder", requested at entry number 2, does not exist at all.
  The default value "3" is used instead.
WARNING: The parameter "UseFastAndLowMemoryVersion", requested at entry number 2, does not exist at all.
  The default value "true" is used instead.
WARNING: The parameter "UseJacobianPreconditioning", requested at entry number 2, does not exist at all.
  The default value "false" is used instead.
WARNING: The parameter "FiniteDifferenceDerivative", requested at entry number 2, does not exist at all.
  The default value "false" is used instead.
WARNING: The parameter "SP_A", requested at entry number 2, does not exist at all.
  The default value "20" is used instead.
WARNING: The parameter "MaximumNumberOfSamplingAttempts", requested at entry number 2, does not exist at all.
  The default value "0" is used instead.
WARNING: The parameter "SigmoidInitialTime", requested at entry number 2, does not exist at all.
  The default value "0" is used instead.
WARNING: The parameter "MaxBandCovSize", requested at entry number 2, does not exist at all.
  The default value "192" is used instead.
WARNING: The parameter "NumberOfBandStructureSamples", requested at entry number 2, does not exist at all.
  The default value "10" is used instead.
WARNING: The parameter "UseAdaptiveStepSizes", requested at entry number 2, does not exist at all.
  The default value "true" is used instead.
WARNING: The parameter "AutomaticParameterEstimation", requested at entry number 2, does not exist at all.
  The default value "true" is used instead.
WARNING: The parameter "UseConstantStep", requested at entry number 2, does not exist at all.
  The default value "false" is used instead.
WARNING: The parameter "MaximumStepLengthRatio", requested at entry number 2, does not exist at all.
  The default value "1" is used instead.
WARNING: The parameter "MaximumStepLength", requested at entry number 2, does not exist at all.
  The default value "0.488281" is used instead.
WARNING: The parameter "NumberOfGradientMeasurements", requested at entry number 2, does not exist at all.
  The default value "0" is used instead.
WARNING: The parameter "NumberOfJacobianMeasurements", requested at entry number 2, does not exist at all.
  The default value "1000" is used instead.
WARNING: The parameter "NumberOfSamplesForExactGradient", requested at entry number 2, does not exist at all.
  The default value "100000" is used instead.
WARNING: The parameter "SigmoidScaleFactor", requested at entry number 2, does not exist at all.
  The default value "0.1" is used instead.
Elastix initialization of all components (for this resolution) took: 0 ms.
  Computing the fixed image extrema took 1 ms.
  Computing the moving image extrema took 0 ms.
Initialization of AdvancedMattesMutualInformation metric took: 18 ms.
Starting automatic parameter estimation for AdaptiveStochasticGradientDescent ...
WARNING: The parameter "ASGDParameterEstimationMethod", requested at entry number 0, does not exist at all.
  The default value "Original" is used instead.
  Computing JacobianTerms ...
  Computing the Jacobian terms took 0.001585s
  NumberOfGradientMeasurements to estimate sigma_i: 3
  Sampling gradients ...
  Sampling the gradients took 0.166162s
Automatic parameter estimation took 0.17s
1:ItNr	2:Metric	3a:Time	3b:StepSize	4:||Gradient||	Time[ms]
0	-0.173436	0.000000	4.928793	0.009261	188.5
1	-0.183496	0.000000	4.928793	0.014261	1.5
2	-0.169165	0.000000	4.928793	0.012740	1.3
3	-0.176024	0.995733	4.705669	0.008189	1.3
4	-0.179045	1.987414	4.502666	0.008493	1.4
5	-0.185451	1.063103	4.691301	0.014972	1.4
6	-0.175563	2.045287	4.491359	0.013085	1.3
7	-0.192489	1.120917	4.679040	0.012280	1.4
8	-0.174835	0.196547	4.883090	0.004448	1.5
9	-0.188776	1.123845	4.678420	0.011574	1.4
10	-0.196625	0.203048	4.881593	0.018047	1.4
11	-0.174741	1.202996	4.661742	0.008536	1.5
12	-0.178980	0.278626	4.864254	0.009773	1.6
13	-0.169744	0.000000	4.928793	0.013071	1.6
14	-0.174258	0.999976	4.704762	0.015314	1.3
15	-0.168050	0.075606	4.911111	0.012967	1.3
16	-0.184688	0.000000	4.928793	0.010489	1.3
17	-0.204603	1.000000	4.704757	0.014141	1.4
18	-0.186808	2.000000	4.500202	0.013396	1.4
19	-0.160715	1.078220	4.688089	0.011459	1.6
20	-0.196785	2.078209	4.484952	0.012550	1.7
21	-0.168115	3.078209	4.298686	0.015434	1.4
22	-0.174558	2.832546	4.342996	0.010021	1.4
23	-0.182066	1.909302	4.518018	0.010543	1.3
24	-0.178058	2.349849	4.432776	0.011553	1.4
25	-0.198308	1.425479	4.615493	0.010088	1.3
26	-0.172289	2.425479	4.418465	0.010701	1.3
27	-0.172209	1.501230	4.599955	0.011384	1.4
28	-0.173620	2.501176	4.404233	0.010543	1.4
29	-0.174539	3.468743	4.230076	0.007599	1.3
30	-0.169906	4.468131	4.064085	0.007109	1.4
31	-0.172647	3.703820	4.189824	0.013786	1.5
32	-0.183574	4.703696	4.026839	0.009363	1.3
33	-0.160603	5.703696	3.876042	0.013959	1.4
34	-0.163744	4.779339	4.015023	0.008887	1.4
35	-0.196635	5.612919	3.889263	0.005783	1.3
36	-0.184355	6.277291	3.794536	0.011215	1.3
37	-0.184204	5.359406	3.926669	0.012302	1.3
38	-0.185192	4.480334	4.062139	0.009570	1.3
39	-0.168757	5.480328	3.908737	0.009321	1.4
40	-0.175770	6.323728	3.788087	0.011738	1.4
41	-0.178381	7.323728	3.654344	0.017357	1.4
42	-0.192980	6.399358	3.777630	0.009428	1.4
43	-0.191545	5.474988	3.909526	0.012946	1.3
44	-0.155054	4.551439	4.050834	0.012520	1.4
45	-0.178180	3.909225	4.155274	0.009333	1.4
46	-0.178471	4.172313	4.111845	0.010193	1.4
47	-0.186431	5.172313	3.954738	0.010273	1.3
48	-0.175321	6.164273	3.810323	0.010033	1.4
49	-0.159406	6.042767	3.827443	0.007171	1.3
50	-0.162569	7.036498	3.691782	0.006526	1.3
51	-0.153193	8.035821	3.564723	0.011632	1.3
52	-0.189196	7.378135	3.647338	0.011841	1.4
53	-0.181602	6.453766	3.770144	0.008088	1.3
54	-0.194640	5.529398	3.901508	0.010704	1.4
55	-0.161288	6.439334	3.772127	0.008532	1.3
56	-0.189029	5.535723	3.900578	0.012639	1.3
57	-0.190212	6.438992	3.772174	0.008729	1.3
58	-0.167129	7.438920	3.639542	0.010491	1.4
59	-0.164930	6.646237	3.743896	0.010866	1.4
60	-0.178886	5.831756	3.857543	0.015810	1.3
61	-0.163466	4.907389	3.995179	0.007804	1.4
62	-0.177547	3.983019	4.143000	0.009916	1.3
63	-0.187288	4.982995	3.983554	0.012780	1.4
64	-0.185762	4.229703	4.102492	0.012183	1.4
65	-0.163707	4.984613	3.983305	0.007531	1.3
66	-0.180273	4.174810	4.111437	0.012900	1.4
67	-0.191430	3.453962	4.232633	0.009771	1.3
68	-0.205186	4.453958	4.066348	0.013491	1.3
69	-0.183176	4.112963	4.121563	0.008970	1.4
70	-0.172925	5.112963	3.963727	0.010793	1.3
71	-0.170195	6.112947	3.817536	0.013734	1.4
72	-0.178817	5.188577	3.952282	0.011028	1.3
73	-0.183951	5.032682	3.975950	0.015370	1.3
74	-0.174963	6.031222	3.829078	0.011166	1.3
75	-0.158658	7.030883	3.692522	0.014865	1.3
76	-0.170597	8.030883	3.565329	0.010008	1.3
77	-0.184629	9.030883	3.446607	0.009926	1.3
78	-0.164956	8.106513	3.556065	0.013084	1.3
79	-0.205230	8.584375	3.498626	0.014033	1.3
80	-0.180607	7.660553	3.611397	0.011697	1.3
81	-0.174096	6.736184	3.731755	0.010546	1.3
82	-0.165757	6.266069	3.796097	0.013580	1.4
83	-0.204723	7.265945	3.661815	0.012326	1.4
84	-0.164123	6.341575	3.785614	0.012474	1.4
85	-0.198159	7.341575	3.652043	0.011378	1.4
86	-0.187643	6.815364	3.721132	0.011330	1.3
87	-0.186388	5.891890	3.848917	0.012824	1.3
88	-0.193447	4.967592	3.985916	0.014238	1.4
89	-0.165677	4.043222	4.133040	0.016686	1.3
90	-0.180502	3.122304	4.290828	0.016748	1.3
91	-0.161815	2.501404	4.404190	0.005979	1.3
92	-0.159644	1.631029	4.573573	0.011281	1.4
93	-0.180324	2.551746	4.394776	0.010089	1.4
94	-0.192237	3.551608	4.215799	0.005845	1.4
95	-0.167597	3.866798	4.162363	0.010561	1.4
96	-0.180289	2.947804	4.322094	0.007573	1.3
97	-0.192149	3.947793	4.148850	0.011564	1.4
98	-0.172653	3.023433	4.308487	0.008962	1.3
99	-0.170779	2.128539	4.475192	0.012896	1.4
100	-0.203012	3.126928	4.290005	0.013955	1.4
101	-0.173164	4.126928	4.119272	0.011349	1.4
102	-0.180532	5.126836	3.961622	0.011965	1.4
103	-0.186324	6.010242	3.832052	0.013848	1.3
104	-0.184866	5.085872	3.967843	0.012626	1.3
105	-0.168376	6.085868	3.821353	0.013830	1.4
106	-0.168828	7.085868	3.685293	0.011813	1.3
107	-0.170865	6.162522	3.810569	0.012020	1.3
108	-0.202028	7.162522	3.675262	0.008765	1.4
109	-0.163345	8.161153	3.549402	0.012777	1.3
110	-0.185263	7.236783	3.665596	0.010149	1.4
111	-0.182963	6.853299	3.716064	0.008726	1.3
112	-0.186826	7.852963	3.587314	0.006219	1.4
113	-0.169674	8.852900	3.467156	0.016010	1.3
114	-0.192152	9.852878	3.354781	0.011978	1.3
115	-0.176010	8.928508	3.458397	0.011036	1.4
116	-0.179065	9.607585	3.381667	0.009524	1.4
117	-0.192470	10.607575	3.274679	0.013250	1.4
118	-0.187487	9.683209	3.373332	0.013214	1.3
119	-0.176354	8.758839	3.478115	0.012647	1.4
120	-0.157729	9.758839	3.365038	0.011910	1.3
121	-0.179505	10.652018	3.270081	0.014470	1.3
122	-0.188236	9.727648	3.368453	0.012774	1.4
123	-0.181413	10.727648	3.262286	0.009094	1.3
124	-0.183889	9.803280	3.360183	0.006469	1.4
125	-0.159536	8.879538	3.464065	0.010366	1.3
126	-0.191676	7.965009	3.573438	0.011254	1.3
127	-0.163688	7.050973	3.689877	0.009842	1.4
128	-0.193328	7.749548	3.600218	0.010496	1.4
129	-0.168353	6.825179	3.719820	0.009524	1.4
130	-0.176835	7.769842	3.597679	0.014385	1.3
131	-0.199574	8.769842	3.476829	0.014481	1.3
132	-0.192584	7.845472	3.588246	0.011523	1.3
133	-0.178531	6.921102	3.707040	0.009159	1.3
134	-0.161696	6.881272	3.712336	0.012045	1.4
135	-0.173799	5.956902	3.839635	0.014391	1.3
136	-0.171311	5.032532	3.975973	0.007677	1.4
137	-0.188753	4.108162	4.122351	0.007768	1.3
138	-0.185560	5.090587	3.967126	0.010426	1.6
139	-0.200842	5.337476	3.929938	0.019319	1.4
140	-0.176536	4.413106	4.072885	0.008104	1.6
141	-0.187638	3.488736	4.226623	0.009829	1.6
142	-0.169298	4.485765	4.061273	0.008789	1.8
143	-0.203210	3.570880	4.212493	0.010758	1.5
144	-0.195435	4.570792	4.047769	0.007722	1.6
145	-0.176209	5.139031	3.959774	0.008375	1.6
146	-0.170073	6.138987	3.813873	0.011702	1.8
147	-0.165438	5.261635	3.941287	0.013502	1.7
148	-0.183513	4.338384	4.084895	0.010295	2.9
149	-0.186619	3.414014	4.239559	0.009628	2.4
150	-0.171080	4.403605	4.074408	0.008945	2.0
151	-0.179373	5.399714	3.920673	0.012999	1.6
152	-0.181474	4.475344	4.062934	0.011468	2.9
153	-0.185667	3.550974	4.215908	0.010032	1.8
154	-0.198831	2.627811	4.380628	0.012072	1.8
155	-0.187956	1.703884	4.558896	0.008865	1.5
156	-0.171889	0.779514	4.752386	0.008834	2.3
157	-0.193841	1.498068	4.600602	0.016692	1.9
158	-0.206281	2.498015	4.404825	0.010782	1.9
159	-0.179983	1.573645	4.585199	0.012433	2.6
160	-0.188255	2.361450	4.430575	0.014271	2.0
161	-0.171636	1.437090	4.613105	0.008455	1.9
162	-0.164633	2.437088	4.416276	0.011478	1.6
163	-0.188240	1.512871	4.597577	0.015078	1.9
164	-0.176957	1.931584	4.513628	0.013045	1.8
165	-0.190198	2.931074	4.325115	0.009822	1.9
166	-0.199092	2.217350	4.458073	0.010440	2.2
167	-0.176805	3.217253	4.274005	0.010867	2.3
168	-0.174095	2.385170	4.426081	0.014745	1.7
169	-0.161337	3.224877	4.272659	0.014870	1.8
170	-0.174775	4.224670	4.103310	0.009743	1.5
171	-0.178958	5.224670	3.946843	0.013980	2.3
172	-0.208369	6.224669	3.801870	0.011482	1.7
173	-0.191119	5.597445	3.891526	0.009335	1.8
174	-0.180218	6.597438	3.750517	0.008664	1.8
175	-0.171681	7.199994	3.670378	0.011151	2.5
176	-0.168132	6.280803	3.794047	0.008333	1.7
177	-0.156959	5.366102	3.925671	0.015866	1.9
178	-0.199959	6.241928	3.799461	0.014278	1.5
179	-0.179267	5.317558	3.932912	0.012696	2.4
180	-0.195752	6.317558	3.788942	0.014730	1.6
181	-0.185055	5.608238	3.889948	0.008271	1.8
182	-0.167358	6.608238	3.749049	0.006440	1.7
183	-0.168916	7.400566	3.644457	0.010011	3.5
184	-0.182573	8.400558	3.520499	0.010939	1.9
185	-0.184988	7.476589	3.634728	0.006285	2.0
186	-0.165330	6.604085	3.749613	0.015836	1.6
187	-0.183691	7.604082	3.618527	0.013628	2.6
188	-0.192424	8.582196	3.498883	0.014836	1.8
189	-0.185468	9.582196	3.384474	0.010606	1.8
190	-0.181749	8.657826	3.489961	0.011398	3.0
191	-0.196819	9.657826	3.376125	0.007612	1.9
192	-0.171400	10.657826	3.269481	0.011734	1.8
193	-0.180110	11.371767	3.197374	0.006451	1.5
194	-0.196529	10.680973	3.267092	0.011390	2.3
195	-0.185380	9.756605	3.365282	0.014520	1.5
196	-0.152628	8.832235	3.469557	0.008010	1.5
197	-0.183278	9.824999	3.357815	0.011381	1.5
198	-0.181340	9.053734	3.443986	0.008134	1.7
199	-0.157281	8.131856	3.552971	0.015990	1.6
200	-0.194158	9.131853	3.435058	0.010172	1.4
201	-0.206632	9.254729	3.421106	0.011113	1.4
202	-0.183708	8.330360	3.528925	0.011710	1.4
203	-0.190421	9.330255	3.412588	0.006856	1.5
204	-0.185906	8.440648	3.515706	0.016073	1.5
205	-0.172786	9.432352	3.401139	0.012811	1.4
206	-0.189661	8.507982	3.507683	0.017385	1.4
207	-0.190530	8.443023	3.515422	0.011789	1.4
208	-0.189350	9.443023	3.399947	0.006855	1.5
209	-0.176261	10.443020	3.291816	0.011463	1.4
210	-0.186068	9.706167	3.370810	0.016095	2.0
211	-0.186210	10.706167	3.264496	0.012247	1.6
212	-0.172941	9.781797	3.362528	0.012345	2.1
213	-0.158675	8.857438	3.466629	0.010302	1.5
214	-0.173167	7.933158	3.577371	0.011016	1.5
215	-0.215406	7.379067	3.647218	0.013834	1.4
216	-0.184020	6.460174	3.769264	0.010308	1.4
217	-0.168322	5.535812	3.900565	0.012439	1.4
218	-0.191121	4.612014	4.041254	0.008486	1.4
219	-0.193425	3.711080	4.188593	0.008195	1.6
220	-0.175769	3.884919	4.159332	0.010687	1.4
221	-0.197170	4.881275	3.999210	0.016664	1.4
222	-0.178969	3.956906	4.147335	0.009437	1.4
223	-0.177840	3.033546	4.306674	0.014216	1.5
224	-0.164811	2.110132	4.478756	0.009217	1.4
225	-0.161031	3.110129	4.292994	0.012134	1.4
226	-0.201247	3.356275	4.249609	0.010478	1.6
227	-0.203010	4.356070	4.082046	0.010021	1.5
228	-0.186390	5.355777	3.927209	0.009367	1.4
229	-0.174372	6.354833	3.783779	0.012251	1.4
230	-0.168791	7.149197	3.677002	0.013704	1.5
231	-0.175056	8.149177	3.550860	0.005508	1.5
232	-0.208274	9.149174	3.433084	0.011787	1.4
233	-0.178676	8.365041	3.524758	0.007308	1.3
234	-0.178225	9.365041	3.408678	0.010051	1.4
235	-0.191396	10.323072	3.304422	0.010919	1.4
236	-0.167045	9.398705	3.404903	0.009761	1.4
237	-0.186478	8.474337	3.511687	0.009711	1.3
238	-0.183722	9.455213	3.398586	0.012194	1.5
239	-0.196369	10.454543	3.290611	0.012025	1.4
240	-0.175409	9.530176	3.390241	0.010909	1.6
241	-0.198858	8.605808	3.496093	0.010620	1.4
242	-0.189436	9.597473	3.382784	0.010772	1.4
243	-0.181602	8.673415	3.488127	0.013764	1.4
244	-0.189674	7.749045	3.600281	0.008582	1.3
245	-0.196616	6.866588	3.714292	0.008470	1.4
246	-0.167388	6.915188	3.707826	0.017026	1.4
247	-0.163662	7.915188	3.579595	0.009443	1.4
248	-0.185786	6.990820	3.697807	0.013551	1.4
249	-0.175564	6.069175	3.823709	0.013495	1.3
Time spent in resolution 2 (ITK initialization and iterating): 0.589 s.
Stopping condition: Maximum number of iterations has been reached.
Settings of AdaptiveStochasticGradientDescent in resolution 2:
( SP_a 103.504650 )
( SP_A 20.000000 )
( SP_alpha 1.000000 )
( SigmoidMax 1.000000 )
( SigmoidMin -0.924370 )
( SigmoidScale 0.000003 )


Resolution: 3
WARNING: The parameter "ShowExactMetricValue", requested at entry number 3, does not exist at all.
  The default value "false" is used instead.
WARNING: The parameter "CheckNumberOfSamples", requested at entry number 3, does not exist at all.
  The default value "true" is used instead.
WARNING: The parameter "UseMultiThreadingForMetrics", requested at entry number 3, does not exist at all.
  The default value "true" is used instead.
Setting the fixed masks took: 0 ms.
Setting the moving masks took: 0 ms.
WARNING: The parameter "NumberOfFixedHistogramBins", requested at entry number 3, does not exist at all.
  The default value "32" is used instead.
WARNING: The parameter "NumberOfMovingHistogramBins", requested at entry number 3, does not exist at all.
  The default value "32" is used instead.
WARNING: The parameter "FixedLimitRangeRatio", requested at entry number 3, does not exist at all.
  The default value "0.01" is used instead.
WARNING: The parameter "MovingLimitRangeRatio", requested at entry number 3, does not exist at all.
  The default value "0.01" is used instead.
WARNING: The parameter "FixedKernelBSplineOrder", requested at entry number 3, does not exist at all.
  The default value "0" is used instead.
WARNING: The parameter "MovingKernelBSplineOrder", requested at entry number 3, does not exist at all.
  The default value "3" is used instead.
WARNING: The parameter "UseFastAndLowMemoryVersion", requested at entry number 3, does not exist at all.
  The default value "true" is used instead.
WARNING: The parameter "UseJacobianPreconditioning", requested at entry number 3, does not exist at all.
  The default value "false" is used instead.
WARNING: The parameter "FiniteDifferenceDerivative", requested at entry number 3, does not exist at all.
  The default value "false" is used instead.
WARNING: The parameter "SP_A", requested at entry number 3, does not exist at all.
  The default value "20" is used instead.
WARNING: The parameter "MaximumNumberOfSamplingAttempts", requested at entry number 3, does not exist at all.
  The default value "0" is used instead.
WARNING: The parameter "SigmoidInitialTime", requested at entry number 3, does not exist at all.
  The default value "0" is used instead.
WARNING: The parameter "MaxBandCovSize", requested at entry number 3, does not exist at all.
  The default value "192" is used instead.
WARNING: The parameter "NumberOfBandStructureSamples", requested at entry number 3, does not exist at all.
  The default value "10" is used instead.
WARNING: The parameter "UseAdaptiveStepSizes", requested at entry number 3, does not exist at all.
  The default value "true" is used instead.
WARNING: The parameter "AutomaticParameterEstimation", requested at entry number 3, does not exist at all.
  The default value "true" is used instead.
WARNING: The parameter "UseConstantStep", requested at entry number 3, does not exist at all.
  The default value "false" is used instead.
WARNING: The parameter "MaximumStepLengthRatio", requested at entry number 3, does not exist at all.
  The default value "1" is used instead.
WARNING: The parameter "MaximumStepLength", requested at entry number 3, does not exist at all.
  The default value "0.488281" is used instead.
WARNING: The parameter "NumberOfGradientMeasurements", requested at entry number 3, does not exist at all.
  The default value "0" is used instead.
WARNING: The parameter "NumberOfJacobianMeasurements", requested at entry number 3, does not exist at all.
  The default value "1000" is used instead.
WARNING: The parameter "NumberOfSamplesForExactGradient", requested at entry number 3, does not exist at all.
  The default value "100000" is used instead.
WARNING: The parameter "SigmoidScaleFactor", requested at entry number 3, does not exist at all.
  The default value "0.1" is used instead.
Elastix initialization of all components (for this resolution) took: 0 ms.
  Computing the fixed image extrema took 5 ms.
  Computing the moving image extrema took 5 ms.
Initialization of AdvancedMattesMutualInformation metric took: 222 ms.
Starting automatic parameter estimation for AdaptiveStochasticGradientDescent ...
WARNING: The parameter "ASGDParameterEstimationMethod", requested at entry number 0, does not exist at all.
  The default value "Original" is used instead.
  Computing JacobianTerms ...
  Computing the Jacobian terms took 0.001544s
  NumberOfGradientMeasurements to estimate sigma_i: 3
  Sampling gradients ...
  Sampling the gradients took 0.146070s
Automatic parameter estimation took 0.15s
1:ItNr	2:Metric	3a:Time	3b:StepSize	4:||Gradient||	Time[ms]
0	-0.122557	0.000000	0.904523	0.016611	371.3
1	-0.138542	0.000000	0.904523	0.013450	1.5
2	-0.126263	0.000000	0.904523	0.016243	1.5
3	-0.126471	0.000000	0.904523	0.013008	1.4
4	-0.140063	0.000000	0.904523	0.016993	2.4
5	-0.162692	0.000000	0.904523	0.020158	1.5
6	-0.129858	0.000000	0.904523	0.016357	1.4
7	-0.141110	0.996474	0.863547	0.013436	1.4
8	-0.127977	0.012018	0.904005	0.014990	1.4
9	-0.145855	0.960435	0.864964	0.009019	1.5
10	-0.158590	0.000000	0.904523	0.010851	1.4
11	-0.154676	0.000000	0.904523	0.012987	1.4
12	-0.132454	0.891115	0.867703	0.014256	1.5
13	-0.166177	0.000000	0.904523	0.014192	1.4
14	-0.139283	0.999466	0.863429	0.017501	1.5
15	-0.148597	0.015192	0.903869	0.023646	1.4
16	-0.136230	0.000000	0.904523	0.019525	1.4
17	-0.132140	1.000000	0.863408	0.013872	1.4
18	-0.140277	0.514995	0.882872	0.010941	1.4
19	-0.153464	0.000000	0.904523	0.015629	1.4
20	-0.139318	0.844042	0.869573	0.014672	1.5
21	-0.134289	1.800735	0.833086	0.018644	1.5
22	-0.157662	0.816184	0.870683	0.019773	1.4
23	-0.140711	0.000000	0.904523	0.017747	1.4
24	-0.156885	0.751114	0.873288	0.015196	1.4
25	-0.115133	0.000000	0.904523	0.014452	1.4
26	-0.141364	0.000000	0.904523	0.010659	1.4
27	-0.134471	0.000000	0.904523	0.008350	1.4
28	-0.160510	0.000000	0.904523	0.013767	1.5
29	-0.159038	0.991378	0.863747	0.013912	1.4
30	-0.152521	0.103147	0.900102	0.017111	1.3
31	-0.131030	0.000000	0.904523	0.005526	1.5
32	-0.143056	0.000000	0.904523	0.022212	1.5
33	-0.122740	0.475845	0.884481	0.020747	1.5
34	-0.150789	0.000000	0.904523	0.017334	2.0
35	-0.136857	0.000000	0.904523	0.020877	1.5
36	-0.141253	0.000000	0.904523	0.009447	1.8
37	-0.129049	0.000000	0.904523	0.019106	1.4
38	-0.127230	0.981169	0.864148	0.012213	1.4
39	-0.130336	1.853159	0.831175	0.017064	1.4
40	-0.140132	0.868609	0.868596	0.009772	1.5
41	-0.126672	1.661289	0.838213	0.026682	1.5
42	-0.130712	0.676738	0.876284	0.010996	1.4
43	-0.148386	0.000000	0.904523	0.015529	1.4
44	-0.147712	0.000000	0.904523	0.010106	1.5
45	-0.152244	0.000000	0.904523	0.015051	1.8
46	-0.145877	0.984617	0.864012	0.015295	1.6
47	-0.165384	1.982423	0.826500	0.016040	1.8
48	-0.131904	1.003389	0.863275	0.008934	2.0
49	-0.140249	1.898617	0.829525	0.014707	2.8
50	-0.143145	0.955477	0.865159	0.013273	1.6
51	-0.150279	0.000000	0.904523	0.010873	2.3
52	-0.133002	0.978810	0.864241	0.018470	2.2
53	-0.147867	0.000000	0.904523	0.016501	2.9
54	-0.143916	1.000000	0.863408	0.011270	1.6
55	-0.132438	0.016425	0.903816	0.011233	2.3
56	-0.162119	1.016194	0.862773	0.014537	1.7
57	-0.142371	0.428901	0.886419	0.010186	2.0
58	-0.148696	0.000000	0.904523	0.016707	2.4
59	-0.143971	0.999996	0.863408	0.020405	2.7
60	-0.139027	1.972884	0.826843	0.012650	2.1
61	-0.135659	0.990852	0.863767	0.012180	1.6
62	-0.142646	1.827876	0.832096	0.012025	2.6
63	-0.138068	0.843595	0.869590	0.017825	1.6
64	-0.144595	0.000000	0.904523	0.009605	1.4
65	-0.130973	0.910954	0.866917	0.015489	1.6
66	-0.139905	0.000000	0.904523	0.013048	2.1
67	-0.136674	0.957446	0.865081	0.019057	2.2
68	-0.121486	0.000000	0.904523	0.010925	1.8
69	-0.130293	0.000000	0.904523	0.016371	2.4
70	-0.159673	0.168260	0.897333	0.025545	2.0
71	-0.136711	0.000000	0.904523	0.014299	1.6
72	-0.155036	0.000000	0.904523	0.013185	2.6
73	-0.131735	0.000000	0.904523	0.011633	2.1
74	-0.134668	0.862565	0.868836	0.013994	2.4
75	-0.148818	0.000000	0.904523	0.010724	2.3
76	-0.113335	0.989404	0.863824	0.014978	1.8
77	-0.153938	1.989365	0.826251	0.019874	1.8
78	-0.132802	1.004814	0.863219	0.011274	1.8
79	-0.123934	0.020263	0.903651	0.016085	2.5
80	-0.166146	1.014507	0.862839	0.013179	2.0
81	-0.153057	1.997147	0.825971	0.022801	2.0
82	-0.134349	2.997146	0.791552	0.013894	2.6
83	-0.160211	2.012600	0.825416	0.014607	2.0
84	-0.138458	3.011968	0.791063	0.011044	1.9
85	-0.163027	2.027516	0.824882	0.010101	1.7
86	-0.142061	2.407129	0.811504	0.015893	2.7
87	-0.129562	1.423168	0.847114	0.011441	1.6
88	-0.137883	0.438624	0.886017	0.017140	1.5
89	-0.135484	1.333112	0.850530	0.014159	1.9
90	-0.140056	2.324479	0.814380	0.014182	1.5
91	-0.146583	1.349103	0.849921	0.013227	1.5
92	-0.151061	1.491383	0.844545	0.020523	1.5
93	-0.133968	2.477097	0.809086	0.015851	1.5
94	-0.119944	1.492819	0.844491	0.011598	1.5
95	-0.140524	1.263675	0.853183	0.008529	1.4
96	-0.164143	2.116565	0.821704	0.016383	1.5
97	-0.149902	1.132510	0.858239	0.012826	1.5
98	-0.140424	2.130610	0.821205	0.015831	1.5
99	-0.147024	3.130495	0.787177	0.012885	1.5
100	-0.127942	2.149257	0.820544	0.010475	1.6
101	-0.143406	2.892001	0.795035	0.015809	1.5
102	-0.152037	1.907450	0.829205	0.010199	1.5
103	-0.149628	2.884600	0.795281	0.018913	1.6
104	-0.136771	3.881394	0.763421	0.018611	1.4
105	-0.151760	2.896843	0.794874	0.013390	1.4
106	-0.142123	3.896816	0.762948	0.017796	1.6
107	-0.136918	4.162453	0.754894	0.014378	2.1
108	-0.130617	3.177901	0.785634	0.012036	2.0
109	-0.158736	2.397351	0.811843	0.020244	1.5
110	-0.162461	1.412833	0.847505	0.018342	1.5
111	-0.141658	2.412833	0.811306	0.014322	1.5
112	-0.152334	1.428301	0.846920	0.007452	1.6
113	-0.153686	1.165514	0.856961	0.017152	1.4
114	-0.146943	2.113316	0.821820	0.017078	1.4
115	-0.153092	3.113316	0.787738	0.014357	1.5
116	-0.147792	2.910537	0.794419	0.011786	1.4
117	-0.138946	1.926593	0.828513	0.012869	1.4
118	-0.140548	2.896285	0.794893	0.016285	1.4
119	-0.122307	1.911734	0.829050	0.010943	1.6
120	-0.130754	2.910158	0.794431	0.013409	1.6
121	-0.139741	3.910140	0.762540	0.013996	1.5
122	-0.161115	4.532354	0.743957	0.010723	1.6
123	-0.166997	4.676965	0.739767	0.021904	1.6
124	-0.126660	3.692457	0.769262	0.011944	1.6
125	-0.143375	3.408722	0.778205	0.018643	1.9
126	-0.138600	4.381655	0.748374	0.011381	1.6
127	-0.156047	3.602840	0.772064	0.014711	1.5
128	-0.160284	3.392005	0.778738	0.020750	1.5
129	-0.141983	2.407460	0.811493	0.012072	1.5
130	-0.129759	3.369878	0.779445	0.009847	1.5
131	-0.140246	4.368957	0.748749	0.015288	1.6
132	-0.149262	4.372195	0.748653	0.012642	1.5
133	-0.148031	5.188776	0.725310	0.016536	1.5
134	-0.148495	5.250010	0.723618	0.021538	1.5
135	-0.151601	4.265459	0.751816	0.015187	1.5
136	-0.128384	5.265458	0.723192	0.018107	1.4
137	-0.133859	6.265212	0.696675	0.013382	1.4
138	-0.136292	7.265040	0.672031	0.013865	1.4
139	-0.129430	8.264984	0.649068	0.014847	1.4
140	-0.131331	9.264979	0.627622	0.013022	1.5
141	-0.174334	10.264866	0.607550	0.011299	1.5
142	-0.150068	11.247315	0.589041	0.015866	1.4
143	-0.146251	10.359124	0.605724	0.014058	1.4
144	-0.137777	11.152935	0.590770	0.018917	1.6
145	-0.136664	10.171295	0.609374	0.025655	1.7
146	-0.132740	10.264522	0.607557	0.015169	1.8
147	-0.133726	11.264522	0.588726	0.007761	1.7
148	-0.143265	12.264297	0.571032	0.011412	1.5
149	-0.144068	11.286924	0.588318	0.019965	1.8
150	-0.142867	11.866476	0.577944	0.019363	2.0
151	-0.151319	12.866476	0.560879	0.015368	1.6
152	-0.142686	13.866262	0.544795	0.013760	2.5
153	-0.135411	14.720778	0.531763	0.018576	2.3
154	-0.164234	15.720778	0.517281	0.011532	1.8
155	-0.145706	16.720013	0.503578	0.018361	1.8
156	-0.144349	17.719992	0.490573	0.014027	1.8
157	-0.142516	18.519627	0.480647	0.009872	2.4
158	-0.127624	19.004660	0.474819	0.008096	2.2
159	-0.157972	18.175287	0.484871	0.012874	2.7
160	-0.151713	17.210645	0.497112	0.009417	2.8
161	-0.146024	18.016934	0.486839	0.018091	2.0
162	-0.144232	17.098004	0.498582	0.015585	1.6
163	-0.142322	18.098004	0.485830	0.012983	2.0
164	-0.123505	19.090508	0.473802	0.010813	2.0
165	-0.148002	18.438374	0.481637	0.013032	2.3
166	-0.140138	17.518720	0.493136	0.016453	2.4
167	-0.162399	18.518123	0.480665	0.014543	3.1
168	-0.169761	19.518123	0.468802	0.015596	1.9
169	-0.127210	20.362100	0.459236	0.024477	1.8
170	-0.136548	19.377549	0.470434	0.010535	2.0
171	-0.164271	18.392999	0.482192	0.017683	2.2
172	-0.156966	17.409798	0.494535	0.021290	2.4
173	-0.131234	18.406138	0.482031	0.013818	2.6
174	-0.134437	19.406135	0.470101	0.013532	3.1
175	-0.132044	20.379551	0.459043	0.018049	2.3
176	-0.137625	21.379546	0.448211	0.016096	1.7
177	-0.140039	22.379546	0.437879	0.014959	1.8
178	-0.136295	21.394996	0.448048	0.014118	2.1
179	-0.147149	20.874632	0.453615	0.009575	1.9
180	-0.137945	21.869833	0.443085	0.016126	1.9
181	-0.125306	21.109713	0.451083	0.014044	1.8
182	-0.143144	20.139651	0.461719	0.008771	1.8
183	-0.140996	21.136562	0.450796	0.015556	2.3
184	-0.142082	20.154887	0.461549	0.011320	2.0
185	-0.142042	21.154854	0.450600	0.010386	1.8
186	-0.165852	21.776455	0.444052	0.019955	2.8
187	-0.148032	21.313581	0.448910	0.011374	2.9
188	-0.139098	21.695558	0.444894	0.014734	1.8
189	-0.150151	22.669709	0.434969	0.014651	2.3
190	-0.155095	23.669708	0.425232	0.014886	1.9
191	-0.138621	23.119636	0.430533	0.016460	1.8
192	-0.158760	24.119620	0.420992	0.012896	1.5
193	-0.148785	23.168919	0.430053	0.013941	3.0
194	-0.136548	24.168520	0.420536	0.017495	2.0
195	-0.151808	25.168520	0.411427	0.010987	1.8
196	-0.129837	24.186973	0.420364	0.012050	1.5
197	-0.142521	25.186167	0.411270	0.016614	1.5
198	-0.155630	24.244787	0.419827	0.007012	1.5
199	-0.149905	25.243820	0.410757	0.017481	1.5
200	-0.146419	26.075552	0.403500	0.010349	1.4
201	-0.158032	27.074754	0.395113	0.008647	1.4
202	-0.149245	26.322495	0.401394	0.013478	1.7
203	-0.139428	27.315940	0.393141	0.020748	2.2
204	-0.137360	26.335196	0.401287	0.017691	2.3
205	-0.118780	25.476156	0.408704	0.010774	1.8
206	-0.138541	26.476133	0.400095	0.012681	1.5
207	-0.141477	27.459500	0.391976	0.015868	1.6
208	-0.136259	26.475167	0.400103	0.011784	1.6
209	-0.144901	25.531477	0.408218	0.015546	1.5
210	-0.143527	24.547080	0.417041	0.023872	1.5
211	-0.133938	25.547076	0.408081	0.013973	1.5
212	-0.151090	25.590820	0.407698	0.014288	1.5
213	-0.157431	24.720187	0.415462	0.013759	1.4
214	-0.148407	25.720184	0.406569	0.012934	1.5
215	-0.134514	26.719544	0.398054	0.018653	1.6
216	-0.136763	25.735018	0.406440	0.012491	1.6
217	-0.141058	24.750468	0.415187	0.017303	1.6
218	-0.152422	25.750468	0.406306	0.014412	1.5
219	-0.141705	26.750465	0.397797	0.011900	1.6
220	-0.132094	27.750465	0.389637	0.011386	1.5
221	-0.144028	28.734374	0.381929	0.015783	1.6
222	-0.131303	28.602498	0.382944	0.017935	1.5
223	-0.145132	29.595247	0.375430	0.015141	1.5
224	-0.150647	30.595247	0.368154	0.015973	1.4
225	-0.131720	29.614722	0.375286	0.017221	1.3
226	-0.132833	28.630171	0.382730	0.016439	1.4
227	-0.126174	27.829437	0.389007	0.009819	1.4
228	-0.144649	28.285132	0.385410	0.016037	1.5
229	-0.124930	29.278975	0.377792	0.024143	1.5
230	-0.152155	28.298585	0.385305	0.015082	1.5
231	-0.141005	27.314131	0.393156	0.015292	1.5
232	-0.127607	28.209081	0.386006	0.020395	1.5
233	-0.147628	27.225869	0.393875	0.014588	1.4
234	-0.155669	27.589076	0.390931	0.015203	1.5
235	-0.153693	28.589076	0.383048	0.014584	1.6
236	-0.130610	27.605721	0.390797	0.016562	1.6
237	-0.147709	26.621170	0.398877	0.013462	1.5
238	-0.129146	25.636619	0.407298	0.009259	1.5
239	-0.143006	24.717244	0.415488	0.017067	1.5
240	-0.135972	25.713148	0.406630	0.010237	1.5
241	-0.119513	24.728600	0.415385	0.012814	1.6
242	-0.133685	25.156206	0.411537	0.016461	1.6
243	-0.154822	26.141475	0.402936	0.016403	1.4
244	-0.138855	25.156924	0.411530	0.013702	1.4
245	-0.139545	26.156924	0.402804	0.014496	1.5
246	-0.152601	27.156305	0.394444	0.012747	1.4
247	-0.141363	28.155134	0.386429	0.013316	1.4
248	-0.150777	29.143438	0.378813	0.013750	1.5
249	-0.148213	30.143436	0.371406	0.016368	1.5
Time spent in resolution 3 (ITK initialization and iterating): 0.825 s.
Stopping condition: Maximum number of iterations has been reached.
Settings of AdaptiveStochasticGradientDescent in resolution 3:
( SP_a 18.994979 )
( SP_A 20.000000 )
( SP_alpha 1.000000 )
( SigmoidMax 1.000000 )
( SigmoidMin -0.984551 )
( SigmoidScale 0.000007 )



=============== start of TransformParameterFile ===============
(Transform "AffineTransform")
(NumberOfParameters 12)
(TransformParameters 0.927222 0.033132 0.033088 0.029003 0.854325 -0.035876 0.026598 -0.095676 0.726252 -9.088905 20.371577 31.686919)
(InitialTransformParametersFileName "NoInitialTransform")
(UseBinaryFormatForTransformationParameters "false")
(HowToCombineTransforms "Compose")

// Image specific
(FixedImageDimension 3)
(MovingImageDimension 3)
(FixedInternalImagePixelType "float")
(MovingInternalImagePixelType "float")
(Size 271 333 86)
(Index 0 0 0)
(Spacing 0.4882810000 0.4882810000 1.0000000000)
(Origin -46.9093000000 -77.4416000000 -67.0081000000)
(Direction 1.0000000000 0.0000000000 0.0000000000 0.0000000000 1.0000000000 0.0000000000 0.0000000000 0.0000000000 1.0000000000)
(UseDirectionCosines "true")

// AdvancedAffineTransform specific
(CenterOfRotationPoint 19.0086350000 3.6130460000 -24.5081000000)

// ResampleInterpolator specific
(ResampleInterpolator "FinalBSplineInterpolator")
(FinalBSplineInterpolationOrder 3)

// Resampler specific
(Resampler "DefaultResampler")
(DefaultPixelValue 0.000000)
(ResultImageFormat "mhd")
(ResultImagePixelType "short")
(CompressResultImage "false")

=============== end of TransformParameterFile ===============

Creating the TransformParameterFile took 0.00s

Registration result checksum: 747357008

Applying final transform ...
  Applying final transform took 1.19s

Final metric value  = -0.148213
Settings of AdaptiveStochasticGradientDescent for all resolutions:
( SP_a 191.493523 156.345353 103.504650 18.994979 )
( SP_A 20.000000 20.000000 20.000000 20.000000 )
( SP_alpha 1.000000 1.000000 1.000000 1.000000 )
( SigmoidMax 1.000000 1.000000 1.000000 1.000000 )
( SigmoidMin -0.447841 -0.840310 -0.924370 -0.984551 )
( SigmoidScale 0.000003 0.000002 0.000003 0.000007 )

Time spent on saving the results, applying the final transform etc.: 1195 ms.
Running elastix with parameter file 0: "RegistrationParametersFiles/Parameters_Affine_def.txt", has finished.


Current time: Tue Mar 14 16:52:12 2023.
Time used for running elastix with this parameter file:
  4.1s.

-------------------------------------------------------------------------

Total time elapsed: 4.3s.

